<?xml version="1.0" encoding="UTF-8"?>
<!-- Generated by org.testng.reporters.JUnitReportReporter -->
<testsuite skipped="0" hostname="Selenium-PC" name="TestClass.HibridFramework" tests="1" failures="0" timestamp="03 Aug 2019 10:02:06 GMT" time="19.451" errors="0">
  <testcase name="StartFacebook" time="19.451" classname="TestClass.HibridFramework"/>
</testsuite> <!-- TestClass.HibridFramework -->
