<?xml version="1.0" encoding="UTF-8"?>
<!-- Generated by org.testng.reporters.JUnitReportReporter -->
<testsuite skipped="0" hostname="Selenium-PC" name="TestClass.Annotation" tests="1" failures="0" timestamp="03 Aug 2019 08:58:22 GMT" time="0.004" errors="0">
  <testcase name="test3" time="0.004" classname="TestClass.Annotation"/>
</testsuite> <!-- TestClass.Annotation -->
