<?xml version="1.0" encoding="UTF-8"?>
<!-- Generated by org.testng.reporters.JUnitReportReporter -->
<testsuite skipped="0" hostname="Selenium-PC" name="TestClass.BaseClass" tests="4" failures="0" timestamp="03 Aug 2019 08:28:51 GMT" time="59.603" errors="0">
  <testcase name="StartFacebook" time="16.412" classname="TestClass.BaseClass"/>
  <testcase name="enterdetails" time="18.335" classname="TestClass.BaseClass"/>
  <testcase name="StartFacebook" time="11.465" classname="TestClass.BaseClass"/>
  <testcase name="enterdetails" time="13.391" classname="TestClass.BaseClass"/>
</testsuite> <!-- TestClass.BaseClass -->
