<?xml version="1.0" encoding="UTF-8"?>
<!-- Generated by org.testng.reporters.JUnitReportReporter -->
<testsuite skipped="0" hostname="Selenium-PC" name="TestClass.BaseClass" tests="4" failures="0" timestamp="03 Aug 2019 08:58:22 GMT" time="42.539" errors="0">
  <testcase name="StartFacebook" time="11.295" classname="TestClass.BaseClass"/>
  <testcase name="StartFacebook" time="13.158" classname="TestClass.BaseClass"/>
  <testcase name="enterdetails" time="10.273" classname="TestClass.BaseClass"/>
  <testcase name="enterdetails" time="7.813" classname="TestClass.BaseClass"/>
</testsuite> <!-- TestClass.BaseClass -->
